{"D:\\practice\\devConnector\\server.js": {"path":"D:\\practice\\devConnector\\server.js","statementMap":{"0":{"start":{"line":1,"column":16},"end":{"line":1,"column":34}},"1":{"start":{"line":2,"column":17},"end":{"line":2,"column":36}},"2":{"start":{"line":3,"column":19},"end":{"line":3,"column":41}},"3":{"start":{"line":4,"column":17},"end":{"line":4,"column":36}},"4":{"start":{"line":5,"column":28},"end":{"line":5,"column":60}},"5":{"start":{"line":7,"column":12},"end":{"line":7,"column":21}},"6":{"start":{"line":10,"column":0},"end":{"line":10,"column":52}},"7":{"start":{"line":11,"column":0},"end":{"line":11,"column":27}},"8":{"start":{"line":14,"column":0},"end":{"line":14,"column":34}},"9":{"start":{"line":16,"column":11},"end":{"line":16,"column":44}},"10":{"start":{"line":18,"column":14},"end":{"line":18,"column":43}},"11":{"start":{"line":19,"column":16},"end":{"line":19,"column":47}},"12":{"start":{"line":20,"column":14},"end":{"line":20,"column":43}},"13":{"start":{"line":22,"column":0},"end":{"line":29,"column":34}},"14":{"start":{"line":28,"column":19},"end":{"line":28,"column":51}},"15":{"start":{"line":29,"column":16},"end":{"line":29,"column":32}},"16":{"start":{"line":32,"column":0},"end":{"line":32,"column":31}},"17":{"start":{"line":33,"column":0},"end":{"line":33,"column":39}},"18":{"start":{"line":35,"column":0},"end":{"line":35,"column":52}},"19":{"start":{"line":35,"column":27},"end":{"line":35,"column":50}},"20":{"start":{"line":37,"column":0},"end":{"line":37,"column":29}},"21":{"start":{"line":38,"column":0},"end":{"line":38,"column":33}},"22":{"start":{"line":39,"column":0},"end":{"line":39,"column":29}},"23":{"start":{"line":41,"column":13},"end":{"line":41,"column":37}},"24":{"start":{"line":43,"column":0},"end":{"line":43,"column":21}}},"fnMap":{"0":{"name":"(anonymous_0)","decl":{"start":{"line":28,"column":8},"end":{"line":28,"column":9}},"loc":{"start":{"line":28,"column":19},"end":{"line":28,"column":51}},"line":28},"1":{"name":"(anonymous_1)","decl":{"start":{"line":29,"column":9},"end":{"line":29,"column":10}},"loc":{"start":{"line":29,"column":16},"end":{"line":29,"column":32}},"line":29},"2":{"name":"(anonymous_2)","decl":{"start":{"line":35,"column":13},"end":{"line":35,"column":14}},"loc":{"start":{"line":35,"column":27},"end":{"line":35,"column":50}},"line":35}},"branchMap":{"0":{"loc":{"start":{"line":41,"column":13},"end":{"line":41,"column":37}},"type":"binary-expr","locations":[{"start":{"line":41,"column":13},"end":{"line":41,"column":29}},{"start":{"line":41,"column":33},"end":{"line":41,"column":37}}],"line":41}},"s":{"0":2,"1":2,"2":2,"3":2,"4":2,"5":2,"6":2,"7":2,"8":2,"9":2,"10":2,"11":2,"12":2,"13":2,"14":2,"15":0,"16":2,"17":2,"18":2,"19":0,"20":2,"21":2,"22":2,"23":2,"24":2},"f":{"0":2,"1":0,"2":0},"b":{"0":[2,2]},"_coverageSchema":"43e27e138ebf9cfc5966b082cf9a028302ed4184","hash":"57a67f3f3d779b3e356956f65f85c2df7c607b8f"}
,"D:\\practice\\devConnector\\config\\keys.js": {"path":"D:\\practice\\devConnector\\config\\keys.js","statementMap":{"0":{"start":{"line":1,"column":0},"end":{"line":4,"column":2}}},"fnMap":{},"branchMap":{},"s":{"0":2},"f":{},"b":{},"_coverageSchema":"43e27e138ebf9cfc5966b082cf9a028302ed4184","hash":"554979c7d1eeb59720a2deeea744e45cde374fa6"}
,"D:\\practice\\devConnector\\config\\passport.js": {"path":"D:\\practice\\devConnector\\config\\passport.js","statementMap":{"0":{"start":{"line":1,"column":20},"end":{"line":1,"column":52}},"1":{"start":{"line":2,"column":19},"end":{"line":2,"column":53}},"2":{"start":{"line":3,"column":17},"end":{"line":3,"column":36}},"3":{"start":{"line":4,"column":13},"end":{"line":4,"column":36}},"4":{"start":{"line":5,"column":13},"end":{"line":5,"column":38}},"5":{"start":{"line":7,"column":13},"end":{"line":7,"column":15}},"6":{"start":{"line":8,"column":0},"end":{"line":8,"column":63}},"7":{"start":{"line":9,"column":0},"end":{"line":9,"column":36}},"8":{"start":{"line":11,"column":0},"end":{"line":25,"column":2}},"9":{"start":{"line":12,"column":2},"end":{"line":24,"column":4}},"10":{"start":{"line":14,"column":6},"end":{"line":22,"column":40}},"11":{"start":{"line":17,"column":10},"end":{"line":19,"column":11}},"12":{"start":{"line":18,"column":12},"end":{"line":18,"column":36}},"13":{"start":{"line":20,"column":10},"end":{"line":20,"column":35}},"14":{"start":{"line":22,"column":22},"end":{"line":22,"column":38}}},"fnMap":{"0":{"name":"(anonymous_0)","decl":{"start":{"line":11,"column":17},"end":{"line":11,"column":18}},"loc":{"start":{"line":11,"column":29},"end":{"line":25,"column":1}},"line":11},"1":{"name":"(anonymous_1)","decl":{"start":{"line":13,"column":26},"end":{"line":13,"column":27}},"loc":{"start":{"line":13,"column":49},"end":{"line":23,"column":5}},"line":13},"2":{"name":"(anonymous_2)","decl":{"start":{"line":16,"column":14},"end":{"line":16,"column":15}},"loc":{"start":{"line":16,"column":22},"end":{"line":21,"column":9}},"line":16},"3":{"name":"(anonymous_3)","decl":{"start":{"line":22,"column":15},"end":{"line":22,"column":16}},"loc":{"start":{"line":22,"column":22},"end":{"line":22,"column":38}},"line":22}},"branchMap":{"0":{"loc":{"start":{"line":17,"column":10},"end":{"line":19,"column":11}},"type":"if","locations":[{"start":{"line":17,"column":10},"end":{"line":19,"column":11}},{"start":{"line":17,"column":10},"end":{"line":19,"column":11}}],"line":17}},"s":{"0":2,"1":2,"2":2,"3":2,"4":2,"5":2,"6":2,"7":2,"8":2,"9":2,"10":0,"11":0,"12":0,"13":0,"14":0},"f":{"0":2,"1":0,"2":0,"3":0},"b":{"0":[0,0]},"_coverageSchema":"43e27e138ebf9cfc5966b082cf9a028302ed4184","hash":"39e35819a3a9189ac7b9b401801ecc0c9193d685"}
,"D:\\practice\\devConnector\\models\\Posts.js": {"path":"D:\\practice\\devConnector\\models\\Posts.js","statementMap":{"0":{"start":{"line":1,"column":17},"end":{"line":1,"column":36}},"1":{"start":{"line":2,"column":15},"end":{"line":2,"column":30}},"2":{"start":{"line":4,"column":20},"end":{"line":53,"column":2}},"3":{"start":{"line":55,"column":0},"end":{"line":55,"column":60}}},"fnMap":{},"branchMap":{},"s":{"0":2,"1":2,"2":2,"3":2},"f":{},"b":{},"_coverageSchema":"43e27e138ebf9cfc5966b082cf9a028302ed4184","hash":"6719b73377eb68be00e46b47e86c6cd89fa98f6f"}
,"D:\\practice\\devConnector\\models\\Profile.js": {"path":"D:\\practice\\devConnector\\models\\Profile.js","statementMap":{"0":{"start":{"line":1,"column":17},"end":{"line":1,"column":36}},"1":{"start":{"line":2,"column":15},"end":{"line":2,"column":30}},"2":{"start":{"line":4,"column":22},"end":{"line":109,"column":2}},"3":{"start":{"line":111,"column":0},"end":{"line":111,"column":68}}},"fnMap":{},"branchMap":{},"s":{"0":2,"1":2,"2":2,"3":2},"f":{},"b":{},"_coverageSchema":"43e27e138ebf9cfc5966b082cf9a028302ed4184","hash":"52c62895588fda9b64fc00ff0a1e3d91402f8b3d"}
,"D:\\practice\\devConnector\\models\\User.js": {"path":"D:\\practice\\devConnector\\models\\User.js","statementMap":{"0":{"start":{"line":1,"column":17},"end":{"line":1,"column":36}},"1":{"start":{"line":3,"column":19},"end":{"line":24,"column":2}},"2":{"start":{"line":26,"column":0},"end":{"line":26,"column":53}}},"fnMap":{},"branchMap":{},"s":{"0":2,"1":2,"2":2},"f":{},"b":{},"_coverageSchema":"43e27e138ebf9cfc5966b082cf9a028302ed4184","hash":"16345bdb225aa1b8c6e7765410cf71f35ef25852"}
,"D:\\practice\\devConnector\\routes\\api\\posts.js": {"path":"D:\\practice\\devConnector\\routes\\api\\posts.js","statementMap":{"0":{"start":{"line":1,"column":16},"end":{"line":1,"column":34}},"1":{"start":{"line":2,"column":15},"end":{"line":2,"column":31}},"2":{"start":{"line":3,"column":17},"end":{"line":3,"column":36}},"3":{"start":{"line":4,"column":36},"end":{"line":4,"column":64}},"4":{"start":{"line":5,"column":13},"end":{"line":5,"column":42}},"5":{"start":{"line":6,"column":16},"end":{"line":6,"column":47}},"6":{"start":{"line":8,"column":0},"end":{"line":10,"column":3}},"7":{"start":{"line":9,"column":2},"end":{"line":9,"column":35}},"8":{"start":{"line":15,"column":0},"end":{"line":20,"column":3}},"9":{"start":{"line":16,"column":2},"end":{"line":19,"column":69}},"10":{"start":{"line":18,"column":19},"end":{"line":18,"column":34}},"11":{"start":{"line":19,"column":18},"end":{"line":19,"column":67}},"12":{"start":{"line":25,"column":0},"end":{"line":29,"column":3}},"13":{"start":{"line":26,"column":2},"end":{"line":28,"column":69}},"14":{"start":{"line":27,"column":18},"end":{"line":27,"column":32}},"15":{"start":{"line":28,"column":18},"end":{"line":28,"column":67}},"16":{"start":{"line":34,"column":0},"end":{"line":62,"column":2}},"17":{"start":{"line":49,"column":19},"end":{"line":49,"column":40}},"18":{"start":{"line":50,"column":4},"end":{"line":52,"column":5}},"19":{"start":{"line":51,"column":6},"end":{"line":51,"column":42}},"20":{"start":{"line":53,"column":20},"end":{"line":58,"column":6}},"21":{"start":{"line":60,"column":4},"end":{"line":60,"column":48}},"22":{"start":{"line":60,"column":32},"end":{"line":60,"column":46}},"23":{"start":{"line":67,"column":0},"end":{"line":83,"column":2}},"24":{"start":{"line":71,"column":4},"end":{"line":81,"column":7}},"25":{"start":{"line":72,"column":6},"end":{"line":80,"column":70}},"26":{"start":{"line":74,"column":10},"end":{"line":76,"column":11}},"27":{"start":{"line":75,"column":12},"end":{"line":75,"column":75}},"28":{"start":{"line":78,"column":10},"end":{"line":78,"column":66}},"29":{"start":{"line":78,"column":37},"end":{"line":78,"column":64}},"30":{"start":{"line":80,"column":22},"end":{"line":80,"column":68}},"31":{"start":{"line":88,"column":0},"end":{"line":107,"column":2}},"32":{"start":{"line":92,"column":4},"end":{"line":105,"column":7}},"33":{"start":{"line":93,"column":6},"end":{"line":104,"column":9}},"34":{"start":{"line":94,"column":8},"end":{"line":99,"column":9}},"35":{"start":{"line":95,"column":36},"end":{"line":95,"column":72}},"36":{"start":{"line":98,"column":10},"end":{"line":98,"column":77}},"37":{"start":{"line":101,"column":8},"end":{"line":101,"column":50}},"38":{"start":{"line":103,"column":8},"end":{"line":103,"column":49}},"39":{"start":{"line":103,"column":33},"end":{"line":103,"column":47}},"40":{"start":{"line":112,"column":0},"end":{"line":138,"column":2}},"41":{"start":{"line":116,"column":4},"end":{"line":136,"column":7}},"42":{"start":{"line":117,"column":6},"end":{"line":135,"column":9}},"43":{"start":{"line":118,"column":8},"end":{"line":125,"column":9}},"44":{"start":{"line":119,"column":36},"end":{"line":119,"column":72}},"45":{"start":{"line":122,"column":10},"end":{"line":124,"column":62}},"46":{"start":{"line":127,"column":28},"end":{"line":129,"column":31}},"47":{"start":{"line":128,"column":23},"end":{"line":128,"column":43}},"48":{"start":{"line":132,"column":8},"end":{"line":132,"column":42}},"49":{"start":{"line":134,"column":8},"end":{"line":134,"column":49}},"50":{"start":{"line":134,"column":33},"end":{"line":134,"column":47}},"51":{"start":{"line":143,"column":0},"end":{"line":170,"column":2}},"52":{"start":{"line":155,"column":4},"end":{"line":168,"column":76}},"53":{"start":{"line":157,"column":27},"end":{"line":162,"column":9}},"54":{"start":{"line":164,"column":8},"end":{"line":164,"column":42}},"55":{"start":{"line":166,"column":8},"end":{"line":166,"column":49}},"56":{"start":{"line":166,"column":33},"end":{"line":166,"column":47}},"57":{"start":{"line":168,"column":20},"end":{"line":168,"column":74}},"58":{"start":{"line":175,"column":0},"end":{"line":197,"column":2}},"59":{"start":{"line":179,"column":4},"end":{"line":195,"column":7}},"60":{"start":{"line":180,"column":6},"end":{"line":186,"column":7}},"61":{"start":{"line":182,"column":21},"end":{"line":182,"column":69}},"62":{"start":{"line":185,"column":8},"end":{"line":185,"column":78}},"63":{"start":{"line":188,"column":26},"end":{"line":190,"column":39}},"64":{"start":{"line":189,"column":21},"end":{"line":189,"column":40}},"65":{"start":{"line":192,"column":6},"end":{"line":192,"column":43}},"66":{"start":{"line":194,"column":6},"end":{"line":194,"column":47}},"67":{"start":{"line":194,"column":31},"end":{"line":194,"column":45}},"68":{"start":{"line":198,"column":0},"end":{"line":198,"column":24}}},"fnMap":{"0":{"name":"(anonymous_0)","decl":{"start":{"line":8,"column":20},"end":{"line":8,"column":21}},"loc":{"start":{"line":8,"column":34},"end":{"line":10,"column":1}},"line":8},"1":{"name":"(anonymous_1)","decl":{"start":{"line":15,"column":16},"end":{"line":15,"column":17}},"loc":{"start":{"line":15,"column":30},"end":{"line":20,"column":1}},"line":15},"2":{"name":"(anonymous_2)","decl":{"start":{"line":18,"column":10},"end":{"line":18,"column":11}},"loc":{"start":{"line":18,"column":19},"end":{"line":18,"column":34}},"line":18},"3":{"name":"(anonymous_3)","decl":{"start":{"line":19,"column":11},"end":{"line":19,"column":12}},"loc":{"start":{"line":19,"column":18},"end":{"line":19,"column":67}},"line":19},"4":{"name":"(anonymous_4)","decl":{"start":{"line":25,"column":19},"end":{"line":25,"column":20}},"loc":{"start":{"line":25,"column":33},"end":{"line":29,"column":1}},"line":25},"5":{"name":"(anonymous_5)","decl":{"start":{"line":27,"column":10},"end":{"line":27,"column":11}},"loc":{"start":{"line":27,"column":18},"end":{"line":27,"column":32}},"line":27},"6":{"name":"(anonymous_6)","decl":{"start":{"line":28,"column":11},"end":{"line":28,"column":12}},"loc":{"start":{"line":28,"column":18},"end":{"line":28,"column":67}},"line":28},"7":{"name":"(anonymous_7)","decl":{"start":{"line":48,"column":2},"end":{"line":48,"column":3}},"loc":{"start":{"line":48,"column":16},"end":{"line":61,"column":3}},"line":48},"8":{"name":"(anonymous_8)","decl":{"start":{"line":60,"column":24},"end":{"line":60,"column":25}},"loc":{"start":{"line":60,"column":32},"end":{"line":60,"column":46}},"line":60},"9":{"name":"(anonymous_9)","decl":{"start":{"line":70,"column":2},"end":{"line":70,"column":3}},"loc":{"start":{"line":70,"column":16},"end":{"line":82,"column":3}},"line":70},"10":{"name":"(anonymous_10)","decl":{"start":{"line":71,"column":48},"end":{"line":71,"column":49}},"loc":{"start":{"line":71,"column":59},"end":{"line":81,"column":5}},"line":71},"11":{"name":"(anonymous_11)","decl":{"start":{"line":73,"column":14},"end":{"line":73,"column":15}},"loc":{"start":{"line":73,"column":22},"end":{"line":79,"column":9}},"line":73},"12":{"name":"(anonymous_12)","decl":{"start":{"line":78,"column":29},"end":{"line":78,"column":30}},"loc":{"start":{"line":78,"column":37},"end":{"line":78,"column":64}},"line":78},"13":{"name":"(anonymous_13)","decl":{"start":{"line":80,"column":15},"end":{"line":80,"column":16}},"loc":{"start":{"line":80,"column":22},"end":{"line":80,"column":68}},"line":80},"14":{"name":"(anonymous_14)","decl":{"start":{"line":91,"column":2},"end":{"line":91,"column":3}},"loc":{"start":{"line":91,"column":16},"end":{"line":106,"column":3}},"line":91},"15":{"name":"(anonymous_15)","decl":{"start":{"line":92,"column":48},"end":{"line":92,"column":49}},"loc":{"start":{"line":92,"column":59},"end":{"line":105,"column":5}},"line":92},"16":{"name":"(anonymous_16)","decl":{"start":{"line":93,"column":40},"end":{"line":93,"column":41}},"loc":{"start":{"line":93,"column":48},"end":{"line":104,"column":7}},"line":93},"17":{"name":"(anonymous_17)","decl":{"start":{"line":95,"column":28},"end":{"line":95,"column":29}},"loc":{"start":{"line":95,"column":36},"end":{"line":95,"column":72}},"line":95},"18":{"name":"(anonymous_18)","decl":{"start":{"line":103,"column":25},"end":{"line":103,"column":26}},"loc":{"start":{"line":103,"column":33},"end":{"line":103,"column":47}},"line":103},"19":{"name":"(anonymous_19)","decl":{"start":{"line":115,"column":2},"end":{"line":115,"column":3}},"loc":{"start":{"line":115,"column":16},"end":{"line":137,"column":3}},"line":115},"20":{"name":"(anonymous_20)","decl":{"start":{"line":116,"column":48},"end":{"line":116,"column":49}},"loc":{"start":{"line":116,"column":59},"end":{"line":136,"column":5}},"line":116},"21":{"name":"(anonymous_21)","decl":{"start":{"line":117,"column":40},"end":{"line":117,"column":41}},"loc":{"start":{"line":117,"column":48},"end":{"line":135,"column":7}},"line":117},"22":{"name":"(anonymous_22)","decl":{"start":{"line":119,"column":28},"end":{"line":119,"column":29}},"loc":{"start":{"line":119,"column":36},"end":{"line":119,"column":72}},"line":119},"23":{"name":"(anonymous_23)","decl":{"start":{"line":128,"column":15},"end":{"line":128,"column":16}},"loc":{"start":{"line":128,"column":23},"end":{"line":128,"column":43}},"line":128},"24":{"name":"(anonymous_24)","decl":{"start":{"line":134,"column":25},"end":{"line":134,"column":26}},"loc":{"start":{"line":134,"column":33},"end":{"line":134,"column":47}},"line":134},"25":{"name":"(anonymous_25)","decl":{"start":{"line":154,"column":2},"end":{"line":154,"column":3}},"loc":{"start":{"line":154,"column":16},"end":{"line":169,"column":3}},"line":154},"26":{"name":"(anonymous_26)","decl":{"start":{"line":156,"column":12},"end":{"line":156,"column":13}},"loc":{"start":{"line":156,"column":20},"end":{"line":167,"column":7}},"line":156},"27":{"name":"(anonymous_27)","decl":{"start":{"line":166,"column":25},"end":{"line":166,"column":26}},"loc":{"start":{"line":166,"column":33},"end":{"line":166,"column":47}},"line":166},"28":{"name":"(anonymous_28)","decl":{"start":{"line":168,"column":13},"end":{"line":168,"column":14}},"loc":{"start":{"line":168,"column":20},"end":{"line":168,"column":74}},"line":168},"29":{"name":"(anonymous_29)","decl":{"start":{"line":178,"column":2},"end":{"line":178,"column":3}},"loc":{"start":{"line":178,"column":16},"end":{"line":196,"column":3}},"line":178},"30":{"name":"(anonymous_30)","decl":{"start":{"line":179,"column":38},"end":{"line":179,"column":39}},"loc":{"start":{"line":179,"column":46},"end":{"line":195,"column":5}},"line":179},"31":{"name":"(anonymous_31)","decl":{"start":{"line":182,"column":10},"end":{"line":182,"column":11}},"loc":{"start":{"line":182,"column":21},"end":{"line":182,"column":69}},"line":182},"32":{"name":"(anonymous_32)","decl":{"start":{"line":189,"column":13},"end":{"line":189,"column":14}},"loc":{"start":{"line":189,"column":21},"end":{"line":189,"column":40}},"line":189},"33":{"name":"(anonymous_33)","decl":{"start":{"line":194,"column":23},"end":{"line":194,"column":24}},"loc":{"start":{"line":194,"column":31},"end":{"line":194,"column":45}},"line":194}},"branchMap":{"0":{"loc":{"start":{"line":50,"column":4},"end":{"line":52,"column":5}},"type":"if","locations":[{"start":{"line":50,"column":4},"end":{"line":52,"column":5}},{"start":{"line":50,"column":4},"end":{"line":52,"column":5}}],"line":50},"1":{"loc":{"start":{"line":74,"column":10},"end":{"line":76,"column":11}},"type":"if","locations":[{"start":{"line":74,"column":10},"end":{"line":76,"column":11}},{"start":{"line":74,"column":10},"end":{"line":76,"column":11}}],"line":74},"2":{"loc":{"start":{"line":94,"column":8},"end":{"line":99,"column":9}},"type":"if","locations":[{"start":{"line":94,"column":8},"end":{"line":99,"column":9}},{"start":{"line":94,"column":8},"end":{"line":99,"column":9}}],"line":94},"3":{"loc":{"start":{"line":118,"column":8},"end":{"line":125,"column":9}},"type":"if","locations":[{"start":{"line":118,"column":8},"end":{"line":125,"column":9}},{"start":{"line":118,"column":8},"end":{"line":125,"column":9}}],"line":118},"4":{"loc":{"start":{"line":180,"column":6},"end":{"line":186,"column":7}},"type":"if","locations":[{"start":{"line":180,"column":6},"end":{"line":186,"column":7}},{"start":{"line":180,"column":6},"end":{"line":186,"column":7}}],"line":180}},"s":{"0":2,"1":2,"2":2,"3":2,"4":2,"5":2,"6":2,"7":0,"8":2,"9":0,"10":0,"11":0,"12":2,"13":0,"14":0,"15":0,"16":2,"17":0,"18":0,"19":0,"20":0,"21":0,"22":0,"23":2,"24":0,"25":0,"26":0,"27":0,"28":0,"29":0,"30":0,"31":2,"32":0,"33":0,"34":0,"35":0,"36":0,"37":0,"38":0,"39":0,"40":2,"41":0,"42":0,"43":0,"44":0,"45":0,"46":0,"47":0,"48":0,"49":0,"50":0,"51":2,"52":0,"53":0,"54":0,"55":0,"56":0,"57":0,"58":2,"59":0,"60":0,"61":0,"62":0,"63":0,"64":0,"65":0,"66":0,"67":0,"68":2},"f":{"0":0,"1":0,"2":0,"3":0,"4":0,"5":0,"6":0,"7":0,"8":0,"9":0,"10":0,"11":0,"12":0,"13":0,"14":0,"15":0,"16":0,"17":0,"18":0,"19":0,"20":0,"21":0,"22":0,"23":0,"24":0,"25":0,"26":0,"27":0,"28":0,"29":0,"30":0,"31":0,"32":0,"33":0},"b":{"0":[0,0],"1":[0,0],"2":[0,0],"3":[0,0],"4":[0,0]},"_coverageSchema":"43e27e138ebf9cfc5966b082cf9a028302ed4184","hash":"0c886ecae8344d6617310fef17984a4b8e6f76d4"}
,"D:\\practice\\devConnector\\routes\\api\\profile.js": {"path":"D:\\practice\\devConnector\\routes\\api\\profile.js","statementMap":{"0":{"start":{"line":1,"column":16},"end":{"line":1,"column":34}},"1":{"start":{"line":2,"column":15},"end":{"line":2,"column":24}},"2":{"start":{"line":3,"column":17},"end":{"line":3,"column":36}},"3":{"start":{"line":4,"column":16},"end":{"line":4,"column":47}},"4":{"start":{"line":5,"column":13},"end":{"line":5,"column":41}},"5":{"start":{"line":6,"column":36},"end":{"line":6,"column":64}},"6":{"start":{"line":8,"column":0},"end":{"line":10,"column":3}},"7":{"start":{"line":9,"column":2},"end":{"line":9,"column":37}},"8":{"start":{"line":15,"column":0},"end":{"line":32,"column":2}},"9":{"start":{"line":19,"column":17},"end":{"line":19,"column":19}},"10":{"start":{"line":20,"column":4},"end":{"line":20,"column":26}},"11":{"start":{"line":21,"column":4},"end":{"line":30,"column":9}},"12":{"start":{"line":24,"column":8},"end":{"line":24,"column":29}},"13":{"start":{"line":25,"column":8},"end":{"line":28,"column":9}},"14":{"start":{"line":26,"column":10},"end":{"line":26,"column":49}},"15":{"start":{"line":27,"column":10},"end":{"line":27,"column":46}},"16":{"start":{"line":29,"column":8},"end":{"line":29,"column":26}},"17":{"start":{"line":37,"column":0},"end":{"line":105,"column":2}},"18":{"start":{"line":53,"column":19},"end":{"line":53,"column":40}},"19":{"start":{"line":54,"column":4},"end":{"line":56,"column":5}},"20":{"start":{"line":55,"column":6},"end":{"line":55,"column":42}},"21":{"start":{"line":57,"column":26},"end":{"line":57,"column":28}},"22":{"start":{"line":59,"column":4},"end":{"line":59,"column":37}},"23":{"start":{"line":61,"column":4},"end":{"line":61,"column":67}},"24":{"start":{"line":61,"column":26},"end":{"line":61,"column":67}},"25":{"start":{"line":63,"column":4},"end":{"line":63,"column":64}},"26":{"start":{"line":63,"column":25},"end":{"line":63,"column":64}},"27":{"start":{"line":64,"column":4},"end":{"line":64,"column":67}},"28":{"start":{"line":64,"column":26},"end":{"line":64,"column":67}},"29":{"start":{"line":65,"column":4},"end":{"line":65,"column":70}},"30":{"start":{"line":65,"column":27},"end":{"line":65,"column":70}},"31":{"start":{"line":66,"column":4},"end":{"line":66,"column":64}},"32":{"start":{"line":66,"column":25},"end":{"line":66,"column":64}},"33":{"start":{"line":67,"column":4},"end":{"line":67,"column":55}},"34":{"start":{"line":67,"column":22},"end":{"line":67,"column":55}},"35":{"start":{"line":68,"column":4},"end":{"line":69,"column":61}},"36":{"start":{"line":69,"column":6},"end":{"line":69,"column":61}},"37":{"start":{"line":72,"column":4},"end":{"line":74,"column":5}},"38":{"start":{"line":73,"column":6},"end":{"line":73,"column":56}},"39":{"start":{"line":77,"column":4},"end":{"line":77,"column":30}},"40":{"start":{"line":79,"column":4},"end":{"line":79,"column":74}},"41":{"start":{"line":79,"column":26},"end":{"line":79,"column":74}},"42":{"start":{"line":80,"column":4},"end":{"line":80,"column":77}},"43":{"start":{"line":80,"column":27},"end":{"line":80,"column":77}},"44":{"start":{"line":81,"column":4},"end":{"line":81,"column":77}},"45":{"start":{"line":81,"column":27},"end":{"line":81,"column":77}},"46":{"start":{"line":82,"column":4},"end":{"line":82,"column":74}},"47":{"start":{"line":82,"column":26},"end":{"line":82,"column":74}},"48":{"start":{"line":83,"column":4},"end":{"line":83,"column":80}},"49":{"start":{"line":83,"column":28},"end":{"line":83,"column":80}},"50":{"start":{"line":85,"column":4},"end":{"line":103,"column":7}},"51":{"start":{"line":86,"column":6},"end":{"line":102,"column":7}},"52":{"start":{"line":87,"column":8},"end":{"line":93,"column":42}},"53":{"start":{"line":92,"column":27},"end":{"line":92,"column":44}},"54":{"start":{"line":93,"column":24},"end":{"line":93,"column":40}},"55":{"start":{"line":95,"column":8},"end":{"line":101,"column":11}},"56":{"start":{"line":96,"column":10},"end":{"line":99,"column":11}},"57":{"start":{"line":97,"column":12},"end":{"line":97,"column":52}},"58":{"start":{"line":98,"column":12},"end":{"line":98,"column":41}},"59":{"start":{"line":100,"column":10},"end":{"line":100,"column":79}},"60":{"start":{"line":100,"column":60},"end":{"line":100,"column":77}},"61":{"start":{"line":110,"column":0},"end":{"line":125,"column":3}},"62":{"start":{"line":111,"column":17},"end":{"line":111,"column":19}},"63":{"start":{"line":112,"column":2},"end":{"line":115,"column":3}},"64":{"start":{"line":113,"column":4},"end":{"line":113,"column":53}},"65":{"start":{"line":114,"column":4},"end":{"line":114,"column":40}},"66":{"start":{"line":116,"column":2},"end":{"line":124,"column":7}},"67":{"start":{"line":119,"column":6},"end":{"line":122,"column":7}},"68":{"start":{"line":120,"column":8},"end":{"line":120,"column":47}},"69":{"start":{"line":121,"column":8},"end":{"line":121,"column":44}},"70":{"start":{"line":123,"column":6},"end":{"line":123,"column":24}},"71":{"start":{"line":130,"column":0},"end":{"line":143,"column":3}},"72":{"start":{"line":131,"column":17},"end":{"line":131,"column":19}},"73":{"start":{"line":133,"column":2},"end":{"line":142,"column":62}},"74":{"start":{"line":136,"column":6},"end":{"line":139,"column":7}},"75":{"start":{"line":137,"column":8},"end":{"line":137,"column":47}},"76":{"start":{"line":138,"column":8},"end":{"line":138,"column":44}},"77":{"start":{"line":140,"column":6},"end":{"line":140,"column":24}},"78":{"start":{"line":142,"column":18},"end":{"line":142,"column":60}},"79":{"start":{"line":148,"column":0},"end":{"line":160,"column":3}},"80":{"start":{"line":149,"column":15},"end":{"line":149,"column":17}},"81":{"start":{"line":150,"column":2},"end":{"line":159,"column":64}},"82":{"start":{"line":153,"column":6},"end":{"line":156,"column":7}},"83":{"start":{"line":154,"column":8},"end":{"line":154,"column":51}},"84":{"start":{"line":155,"column":8},"end":{"line":155,"column":37}},"85":{"start":{"line":157,"column":6},"end":{"line":157,"column":25}},"86":{"start":{"line":159,"column":18},"end":{"line":159,"column":62}},"87":{"start":{"line":165,"column":0},"end":{"line":203,"column":2}},"88":{"start":{"line":182,"column":17},"end":{"line":182,"column":38}},"89":{"start":{"line":183,"column":4},"end":{"line":185,"column":5}},"90":{"start":{"line":184,"column":6},"end":{"line":184,"column":62}},"91":{"start":{"line":186,"column":4},"end":{"line":201,"column":7}},"92":{"start":{"line":187,"column":21},"end":{"line":194,"column":7}},"93":{"start":{"line":196,"column":6},"end":{"line":196,"column":41}},"94":{"start":{"line":198,"column":6},"end":{"line":200,"column":9}},"95":{"start":{"line":199,"column":8},"end":{"line":199,"column":26}},"96":{"start":{"line":208,"column":0},"end":{"line":247,"column":2}},"97":{"start":{"line":225,"column":17},"end":{"line":225,"column":38}},"98":{"start":{"line":226,"column":4},"end":{"line":228,"column":5}},"99":{"start":{"line":227,"column":6},"end":{"line":227,"column":62}},"100":{"start":{"line":229,"column":4},"end":{"line":245,"column":7}},"101":{"start":{"line":230,"column":21},"end":{"line":238,"column":7}},"102":{"start":{"line":240,"column":6},"end":{"line":240,"column":40}},"103":{"start":{"line":242,"column":6},"end":{"line":244,"column":9}},"104":{"start":{"line":243,"column":8},"end":{"line":243,"column":26}},"105":{"start":{"line":252,"column":0},"end":{"line":269,"column":2}},"106":{"start":{"line":256,"column":4},"end":{"line":267,"column":35}},"107":{"start":{"line":259,"column":28},"end":{"line":261,"column":37}},"108":{"start":{"line":260,"column":22},"end":{"line":260,"column":28}},"109":{"start":{"line":263,"column":8},"end":{"line":263,"column":50}},"110":{"start":{"line":265,"column":8},"end":{"line":265,"column":58}},"111":{"start":{"line":265,"column":39},"end":{"line":265,"column":56}},"112":{"start":{"line":267,"column":20},"end":{"line":267,"column":33}},"113":{"start":{"line":274,"column":0},"end":{"line":291,"column":2}},"114":{"start":{"line":278,"column":4},"end":{"line":289,"column":35}},"115":{"start":{"line":281,"column":28},"end":{"line":283,"column":37}},"116":{"start":{"line":282,"column":22},"end":{"line":282,"column":28}},"117":{"start":{"line":285,"column":8},"end":{"line":285,"column":49}},"118":{"start":{"line":287,"column":8},"end":{"line":287,"column":58}},"119":{"start":{"line":287,"column":39},"end":{"line":287,"column":56}},"120":{"start":{"line":289,"column":20},"end":{"line":289,"column":33}},"121":{"start":{"line":296,"column":0},"end":{"line":306,"column":2}},"122":{"start":{"line":300,"column":4},"end":{"line":304,"column":7}},"123":{"start":{"line":301,"column":6},"end":{"line":303,"column":9}},"124":{"start":{"line":302,"column":8},"end":{"line":302,"column":36}},"125":{"start":{"line":307,"column":0},"end":{"line":307,"column":24}}},"fnMap":{"0":{"name":"(anonymous_0)","decl":{"start":{"line":8,"column":20},"end":{"line":8,"column":21}},"loc":{"start":{"line":8,"column":34},"end":{"line":10,"column":1}},"line":8},"1":{"name":"(anonymous_1)","decl":{"start":{"line":18,"column":2},"end":{"line":18,"column":3}},"loc":{"start":{"line":18,"column":16},"end":{"line":31,"column":3}},"line":18},"2":{"name":"(anonymous_2)","decl":{"start":{"line":23,"column":12},"end":{"line":23,"column":13}},"loc":{"start":{"line":23,"column":23},"end":{"line":30,"column":7}},"line":23},"3":{"name":"(anonymous_3)","decl":{"start":{"line":52,"column":2},"end":{"line":52,"column":3}},"loc":{"start":{"line":52,"column":16},"end":{"line":104,"column":3}},"line":52},"4":{"name":"(anonymous_4)","decl":{"start":{"line":85,"column":48},"end":{"line":85,"column":49}},"loc":{"start":{"line":85,"column":59},"end":{"line":103,"column":5}},"line":85},"5":{"name":"(anonymous_5)","decl":{"start":{"line":92,"column":16},"end":{"line":92,"column":17}},"loc":{"start":{"line":92,"column":27},"end":{"line":92,"column":44}},"line":92},"6":{"name":"(anonymous_6)","decl":{"start":{"line":93,"column":17},"end":{"line":93,"column":18}},"loc":{"start":{"line":93,"column":24},"end":{"line":93,"column":40}},"line":93},"7":{"name":"(anonymous_7)","decl":{"start":{"line":95,"column":63},"end":{"line":95,"column":64}},"loc":{"start":{"line":95,"column":74},"end":{"line":101,"column":9}},"line":95},"8":{"name":"(anonymous_8)","decl":{"start":{"line":100,"column":49},"end":{"line":100,"column":50}},"loc":{"start":{"line":100,"column":60},"end":{"line":100,"column":77}},"line":100},"9":{"name":"(anonymous_9)","decl":{"start":{"line":110,"column":30},"end":{"line":110,"column":31}},"loc":{"start":{"line":110,"column":44},"end":{"line":125,"column":1}},"line":110},"10":{"name":"(anonymous_10)","decl":{"start":{"line":118,"column":10},"end":{"line":118,"column":11}},"loc":{"start":{"line":118,"column":21},"end":{"line":124,"column":5}},"line":118},"11":{"name":"(anonymous_11)","decl":{"start":{"line":130,"column":29},"end":{"line":130,"column":30}},"loc":{"start":{"line":130,"column":43},"end":{"line":143,"column":1}},"line":130},"12":{"name":"(anonymous_12)","decl":{"start":{"line":135,"column":10},"end":{"line":135,"column":11}},"loc":{"start":{"line":135,"column":21},"end":{"line":141,"column":5}},"line":135},"13":{"name":"(anonymous_13)","decl":{"start":{"line":142,"column":11},"end":{"line":142,"column":12}},"loc":{"start":{"line":142,"column":18},"end":{"line":142,"column":60}},"line":142},"14":{"name":"(anonymous_14)","decl":{"start":{"line":148,"column":19},"end":{"line":148,"column":20}},"loc":{"start":{"line":148,"column":33},"end":{"line":160,"column":1}},"line":148},"15":{"name":"(anonymous_15)","decl":{"start":{"line":152,"column":10},"end":{"line":152,"column":11}},"loc":{"start":{"line":152,"column":22},"end":{"line":158,"column":5}},"line":152},"16":{"name":"(anonymous_16)","decl":{"start":{"line":159,"column":11},"end":{"line":159,"column":12}},"loc":{"start":{"line":159,"column":18},"end":{"line":159,"column":62}},"line":159},"17":{"name":"(anonymous_17)","decl":{"start":{"line":181,"column":2},"end":{"line":181,"column":3}},"loc":{"start":{"line":181,"column":16},"end":{"line":202,"column":3}},"line":181},"18":{"name":"(anonymous_18)","decl":{"start":{"line":186,"column":48},"end":{"line":186,"column":49}},"loc":{"start":{"line":186,"column":59},"end":{"line":201,"column":5}},"line":186},"19":{"name":"(anonymous_19)","decl":{"start":{"line":198,"column":26},"end":{"line":198,"column":27}},"loc":{"start":{"line":198,"column":37},"end":{"line":200,"column":7}},"line":198},"20":{"name":"(anonymous_20)","decl":{"start":{"line":224,"column":2},"end":{"line":224,"column":3}},"loc":{"start":{"line":224,"column":16},"end":{"line":246,"column":3}},"line":224},"21":{"name":"(anonymous_21)","decl":{"start":{"line":229,"column":48},"end":{"line":229,"column":49}},"loc":{"start":{"line":229,"column":59},"end":{"line":245,"column":5}},"line":229},"22":{"name":"(anonymous_22)","decl":{"start":{"line":242,"column":26},"end":{"line":242,"column":27}},"loc":{"start":{"line":242,"column":37},"end":{"line":244,"column":7}},"line":242},"23":{"name":"(anonymous_23)","decl":{"start":{"line":255,"column":2},"end":{"line":255,"column":3}},"loc":{"start":{"line":255,"column":16},"end":{"line":268,"column":3}},"line":255},"24":{"name":"(anonymous_24)","decl":{"start":{"line":257,"column":12},"end":{"line":257,"column":13}},"loc":{"start":{"line":257,"column":23},"end":{"line":266,"column":7}},"line":257},"25":{"name":"(anonymous_25)","decl":{"start":{"line":260,"column":15},"end":{"line":260,"column":16}},"loc":{"start":{"line":260,"column":22},"end":{"line":260,"column":28}},"line":260},"26":{"name":"(anonymous_26)","decl":{"start":{"line":265,"column":28},"end":{"line":265,"column":29}},"loc":{"start":{"line":265,"column":39},"end":{"line":265,"column":56}},"line":265},"27":{"name":"(anonymous_27)","decl":{"start":{"line":267,"column":13},"end":{"line":267,"column":14}},"loc":{"start":{"line":267,"column":20},"end":{"line":267,"column":33}},"line":267},"28":{"name":"(anonymous_28)","decl":{"start":{"line":277,"column":2},"end":{"line":277,"column":3}},"loc":{"start":{"line":277,"column":16},"end":{"line":290,"column":3}},"line":277},"29":{"name":"(anonymous_29)","decl":{"start":{"line":279,"column":12},"end":{"line":279,"column":13}},"loc":{"start":{"line":279,"column":23},"end":{"line":288,"column":7}},"line":279},"30":{"name":"(anonymous_30)","decl":{"start":{"line":282,"column":15},"end":{"line":282,"column":16}},"loc":{"start":{"line":282,"column":22},"end":{"line":282,"column":28}},"line":282},"31":{"name":"(anonymous_31)","decl":{"start":{"line":287,"column":28},"end":{"line":287,"column":29}},"loc":{"start":{"line":287,"column":39},"end":{"line":287,"column":56}},"line":287},"32":{"name":"(anonymous_32)","decl":{"start":{"line":289,"column":13},"end":{"line":289,"column":14}},"loc":{"start":{"line":289,"column":20},"end":{"line":289,"column":33}},"line":289},"33":{"name":"(anonymous_33)","decl":{"start":{"line":299,"column":2},"end":{"line":299,"column":3}},"loc":{"start":{"line":299,"column":16},"end":{"line":305,"column":3}},"line":299},"34":{"name":"(anonymous_34)","decl":{"start":{"line":300,"column":57},"end":{"line":300,"column":58}},"loc":{"start":{"line":300,"column":68},"end":{"line":304,"column":5}},"line":300},"35":{"name":"(anonymous_35)","decl":{"start":{"line":301,"column":55},"end":{"line":301,"column":56}},"loc":{"start":{"line":301,"column":63},"end":{"line":303,"column":7}},"line":301}},"branchMap":{"0":{"loc":{"start":{"line":25,"column":8},"end":{"line":28,"column":9}},"type":"if","locations":[{"start":{"line":25,"column":8},"end":{"line":28,"column":9}},{"start":{"line":25,"column":8},"end":{"line":28,"column":9}}],"line":25},"1":{"loc":{"start":{"line":54,"column":4},"end":{"line":56,"column":5}},"type":"if","locations":[{"start":{"line":54,"column":4},"end":{"line":56,"column":5}},{"start":{"line":54,"column":4},"end":{"line":56,"column":5}}],"line":54},"2":{"loc":{"start":{"line":61,"column":4},"end":{"line":61,"column":67}},"type":"if","locations":[{"start":{"line":61,"column":4},"end":{"line":61,"column":67}},{"start":{"line":61,"column":4},"end":{"line":61,"column":67}}],"line":61},"3":{"loc":{"start":{"line":63,"column":4},"end":{"line":63,"column":64}},"type":"if","locations":[{"start":{"line":63,"column":4},"end":{"line":63,"column":64}},{"start":{"line":63,"column":4},"end":{"line":63,"column":64}}],"line":63},"4":{"loc":{"start":{"line":64,"column":4},"end":{"line":64,"column":67}},"type":"if","locations":[{"start":{"line":64,"column":4},"end":{"line":64,"column":67}},{"start":{"line":64,"column":4},"end":{"line":64,"column":67}}],"line":64},"5":{"loc":{"start":{"line":65,"column":4},"end":{"line":65,"column":70}},"type":"if","locations":[{"start":{"line":65,"column":4},"end":{"line":65,"column":70}},{"start":{"line":65,"column":4},"end":{"line":65,"column":70}}],"line":65},"6":{"loc":{"start":{"line":66,"column":4},"end":{"line":66,"column":64}},"type":"if","locations":[{"start":{"line":66,"column":4},"end":{"line":66,"column":64}},{"start":{"line":66,"column":4},"end":{"line":66,"column":64}}],"line":66},"7":{"loc":{"start":{"line":67,"column":4},"end":{"line":67,"column":55}},"type":"if","locations":[{"start":{"line":67,"column":4},"end":{"line":67,"column":55}},{"start":{"line":67,"column":4},"end":{"line":67,"column":55}}],"line":67},"8":{"loc":{"start":{"line":68,"column":4},"end":{"line":69,"column":61}},"type":"if","locations":[{"start":{"line":68,"column":4},"end":{"line":69,"column":61}},{"start":{"line":68,"column":4},"end":{"line":69,"column":61}}],"line":68},"9":{"loc":{"start":{"line":72,"column":4},"end":{"line":74,"column":5}},"type":"if","locations":[{"start":{"line":72,"column":4},"end":{"line":74,"column":5}},{"start":{"line":72,"column":4},"end":{"line":74,"column":5}}],"line":72},"10":{"loc":{"start":{"line":79,"column":4},"end":{"line":79,"column":74}},"type":"if","locations":[{"start":{"line":79,"column":4},"end":{"line":79,"column":74}},{"start":{"line":79,"column":4},"end":{"line":79,"column":74}}],"line":79},"11":{"loc":{"start":{"line":80,"column":4},"end":{"line":80,"column":77}},"type":"if","locations":[{"start":{"line":80,"column":4},"end":{"line":80,"column":77}},{"start":{"line":80,"column":4},"end":{"line":80,"column":77}}],"line":80},"12":{"loc":{"start":{"line":81,"column":4},"end":{"line":81,"column":77}},"type":"if","locations":[{"start":{"line":81,"column":4},"end":{"line":81,"column":77}},{"start":{"line":81,"column":4},"end":{"line":81,"column":77}}],"line":81},"13":{"loc":{"start":{"line":82,"column":4},"end":{"line":82,"column":74}},"type":"if","locations":[{"start":{"line":82,"column":4},"end":{"line":82,"column":74}},{"start":{"line":82,"column":4},"end":{"line":82,"column":74}}],"line":82},"14":{"loc":{"start":{"line":83,"column":4},"end":{"line":83,"column":80}},"type":"if","locations":[{"start":{"line":83,"column":4},"end":{"line":83,"column":80}},{"start":{"line":83,"column":4},"end":{"line":83,"column":80}}],"line":83},"15":{"loc":{"start":{"line":86,"column":6},"end":{"line":102,"column":7}},"type":"if","locations":[{"start":{"line":86,"column":6},"end":{"line":102,"column":7}},{"start":{"line":86,"column":6},"end":{"line":102,"column":7}}],"line":86},"16":{"loc":{"start":{"line":96,"column":10},"end":{"line":99,"column":11}},"type":"if","locations":[{"start":{"line":96,"column":10},"end":{"line":99,"column":11}},{"start":{"line":96,"column":10},"end":{"line":99,"column":11}}],"line":96},"17":{"loc":{"start":{"line":112,"column":2},"end":{"line":115,"column":3}},"type":"if","locations":[{"start":{"line":112,"column":2},"end":{"line":115,"column":3}},{"start":{"line":112,"column":2},"end":{"line":115,"column":3}}],"line":112},"18":{"loc":{"start":{"line":119,"column":6},"end":{"line":122,"column":7}},"type":"if","locations":[{"start":{"line":119,"column":6},"end":{"line":122,"column":7}},{"start":{"line":119,"column":6},"end":{"line":122,"column":7}}],"line":119},"19":{"loc":{"start":{"line":136,"column":6},"end":{"line":139,"column":7}},"type":"if","locations":[{"start":{"line":136,"column":6},"end":{"line":139,"column":7}},{"start":{"line":136,"column":6},"end":{"line":139,"column":7}}],"line":136},"20":{"loc":{"start":{"line":153,"column":6},"end":{"line":156,"column":7}},"type":"if","locations":[{"start":{"line":153,"column":6},"end":{"line":156,"column":7}},{"start":{"line":153,"column":6},"end":{"line":156,"column":7}}],"line":153},"21":{"loc":{"start":{"line":183,"column":4},"end":{"line":185,"column":5}},"type":"if","locations":[{"start":{"line":183,"column":4},"end":{"line":185,"column":5}},{"start":{"line":183,"column":4},"end":{"line":185,"column":5}}],"line":183},"22":{"loc":{"start":{"line":226,"column":4},"end":{"line":228,"column":5}},"type":"if","locations":[{"start":{"line":226,"column":4},"end":{"line":228,"column":5}},{"start":{"line":226,"column":4},"end":{"line":228,"column":5}}],"line":226}},"s":{"0":2,"1":2,"2":2,"3":2,"4":2,"5":2,"6":2,"7":0,"8":2,"9":0,"10":0,"11":0,"12":0,"13":0,"14":0,"15":0,"16":0,"17":2,"18":0,"19":0,"20":0,"21":0,"22":0,"23":0,"24":0,"25":0,"26":0,"27":0,"28":0,"29":0,"30":0,"31":0,"32":0,"33":0,"34":0,"35":0,"36":0,"37":0,"38":0,"39":0,"40":0,"41":0,"42":0,"43":0,"44":0,"45":0,"46":0,"47":0,"48":0,"49":0,"50":0,"51":0,"52":0,"53":0,"54":0,"55":0,"56":0,"57":0,"58":0,"59":0,"60":0,"61":2,"62":0,"63":0,"64":0,"65":0,"66":0,"67":0,"68":0,"69":0,"70":0,"71":2,"72":0,"73":0,"74":0,"75":0,"76":0,"77":0,"78":0,"79":2,"80":0,"81":0,"82":0,"83":0,"84":0,"85":0,"86":0,"87":2,"88":0,"89":0,"90":0,"91":0,"92":0,"93":0,"94":0,"95":0,"96":2,"97":0,"98":0,"99":0,"100":0,"101":0,"102":0,"103":0,"104":0,"105":2,"106":0,"107":0,"108":0,"109":0,"110":0,"111":0,"112":0,"113":2,"114":0,"115":0,"116":0,"117":0,"118":0,"119":0,"120":0,"121":2,"122":0,"123":0,"124":0,"125":2},"f":{"0":0,"1":0,"2":0,"3":0,"4":0,"5":0,"6":0,"7":0,"8":0,"9":0,"10":0,"11":0,"12":0,"13":0,"14":0,"15":0,"16":0,"17":0,"18":0,"19":0,"20":0,"21":0,"22":0,"23":0,"24":0,"25":0,"26":0,"27":0,"28":0,"29":0,"30":0,"31":0,"32":0,"33":0,"34":0,"35":0},"b":{"0":[0,0],"1":[0,0],"2":[0,0],"3":[0,0],"4":[0,0],"5":[0,0],"6":[0,0],"7":[0,0],"8":[0,0],"9":[0,0],"10":[0,0],"11":[0,0],"12":[0,0],"13":[0,0],"14":[0,0],"15":[0,0],"16":[0,0],"17":[0,0],"18":[0,0],"19":[0,0],"20":[0,0],"21":[0,0],"22":[0,0]},"_coverageSchema":"43e27e138ebf9cfc5966b082cf9a028302ed4184","hash":"99ba431a47298c69ebaf613242d20b644281de9c"}
,"D:\\practice\\devConnector\\routes\\api\\users.js": {"path":"D:\\practice\\devConnector\\routes\\api\\users.js","statementMap":{"0":{"start":{"line":1,"column":16},"end":{"line":1,"column":34}},"1":{"start":{"line":2,"column":17},"end":{"line":2,"column":36}},"2":{"start":{"line":3,"column":17},"end":{"line":3,"column":36}},"3":{"start":{"line":4,"column":15},"end":{"line":4,"column":31}},"4":{"start":{"line":5,"column":15},"end":{"line":5,"column":34}},"5":{"start":{"line":6,"column":12},"end":{"line":6,"column":35}},"6":{"start":{"line":7,"column":13},"end":{"line":7,"column":41}},"7":{"start":{"line":8,"column":13},"end":{"line":8,"column":41}},"8":{"start":{"line":9,"column":36},"end":{"line":9,"column":64}},"9":{"start":{"line":10,"column":30},"end":{"line":10,"column":66}},"10":{"start":{"line":11,"column":26},"end":{"line":11,"column":59}},"11":{"start":{"line":16,"column":0},"end":{"line":18,"column":3}},"12":{"start":{"line":17,"column":2},"end":{"line":17,"column":35}},"13":{"start":{"line":23,"column":0},"end":{"line":76,"column":2}},"14":{"start":{"line":38,"column":19},"end":{"line":38,"column":40}},"15":{"start":{"line":39,"column":4},"end":{"line":41,"column":5}},"16":{"start":{"line":40,"column":6},"end":{"line":40,"column":62}},"17":{"start":{"line":46,"column":4},"end":{"line":74,"column":7}},"18":{"start":{"line":47,"column":6},"end":{"line":47,"column":37}},"19":{"start":{"line":48,"column":6},"end":{"line":73,"column":7}},"20":{"start":{"line":49,"column":8},"end":{"line":49,"column":43}},"21":{"start":{"line":50,"column":8},"end":{"line":50,"column":75}},"22":{"start":{"line":52,"column":23},"end":{"line":56,"column":10}},"23":{"start":{"line":57,"column":24},"end":{"line":62,"column":10}},"24":{"start":{"line":64,"column":8},"end":{"line":72,"column":11}},"25":{"start":{"line":65,"column":10},"end":{"line":71,"column":13}},"26":{"start":{"line":66,"column":12},"end":{"line":66,"column":36}},"27":{"start":{"line":67,"column":12},"end":{"line":70,"column":46}},"28":{"start":{"line":69,"column":33},"end":{"line":69,"column":74}},"29":{"start":{"line":70,"column":28},"end":{"line":70,"column":44}},"30":{"start":{"line":81,"column":0},"end":{"line":111,"column":3}},"31":{"start":{"line":82,"column":30},"end":{"line":82,"column":57}},"32":{"start":{"line":84,"column":2},"end":{"line":86,"column":3}},"33":{"start":{"line":85,"column":4},"end":{"line":85,"column":40}},"34":{"start":{"line":87,"column":16},"end":{"line":87,"column":30}},"35":{"start":{"line":88,"column":19},"end":{"line":88,"column":36}},"36":{"start":{"line":90,"column":2},"end":{"line":110,"column":5}},"37":{"start":{"line":91,"column":4},"end":{"line":93,"column":5}},"38":{"start":{"line":92,"column":6},"end":{"line":92,"column":64}},"39":{"start":{"line":95,"column":4},"end":{"line":109,"column":7}},"40":{"start":{"line":96,"column":6},"end":{"line":108,"column":7}},"41":{"start":{"line":97,"column":24},"end":{"line":97,"column":77}},"42":{"start":{"line":98,"column":8},"end":{"line":105,"column":10}},"43":{"start":{"line":103,"column":12},"end":{"line":103,"column":78}},"44":{"start":{"line":107,"column":8},"end":{"line":107,"column":68}},"45":{"start":{"line":116,"column":0},"end":{"line":122,"column":2}},"46":{"start":{"line":120,"column":4},"end":{"line":120,"column":30}},"47":{"start":{"line":124,"column":0},"end":{"line":124,"column":24}}},"fnMap":{"0":{"name":"(anonymous_0)","decl":{"start":{"line":16,"column":20},"end":{"line":16,"column":21}},"loc":{"start":{"line":16,"column":34},"end":{"line":18,"column":1}},"line":16},"1":{"name":"(anonymous_1)","decl":{"start":{"line":37,"column":2},"end":{"line":37,"column":3}},"loc":{"start":{"line":37,"column":16},"end":{"line":75,"column":3}},"line":37},"2":{"name":"(anonymous_2)","decl":{"start":{"line":46,"column":49},"end":{"line":46,"column":50}},"loc":{"start":{"line":46,"column":57},"end":{"line":74,"column":5}},"line":46},"3":{"name":"(anonymous_3)","decl":{"start":{"line":64,"column":27},"end":{"line":64,"column":28}},"loc":{"start":{"line":64,"column":42},"end":{"line":72,"column":9}},"line":64},"4":{"name":"(anonymous_4)","decl":{"start":{"line":65,"column":46},"end":{"line":65,"column":47}},"loc":{"start":{"line":65,"column":61},"end":{"line":71,"column":11}},"line":65},"5":{"name":"(anonymous_5)","decl":{"start":{"line":69,"column":20},"end":{"line":69,"column":21}},"loc":{"start":{"line":69,"column":33},"end":{"line":69,"column":74}},"line":69},"6":{"name":"(anonymous_6)","decl":{"start":{"line":70,"column":21},"end":{"line":70,"column":22}},"loc":{"start":{"line":70,"column":28},"end":{"line":70,"column":44}},"line":70},"7":{"name":"(anonymous_7)","decl":{"start":{"line":81,"column":22},"end":{"line":81,"column":23}},"loc":{"start":{"line":81,"column":36},"end":{"line":111,"column":1}},"line":81},"8":{"name":"(anonymous_8)","decl":{"start":{"line":90,"column":31},"end":{"line":90,"column":32}},"loc":{"start":{"line":90,"column":39},"end":{"line":110,"column":3}},"line":90},"9":{"name":"(anonymous_9)","decl":{"start":{"line":95,"column":49},"end":{"line":95,"column":50}},"loc":{"start":{"line":95,"column":60},"end":{"line":109,"column":5}},"line":95},"10":{"name":"(anonymous_10)","decl":{"start":{"line":102,"column":10},"end":{"line":102,"column":11}},"loc":{"start":{"line":102,"column":26},"end":{"line":104,"column":11}},"line":102},"11":{"name":"(anonymous_11)","decl":{"start":{"line":119,"column":2},"end":{"line":119,"column":3}},"loc":{"start":{"line":119,"column":16},"end":{"line":121,"column":3}},"line":119}},"branchMap":{"0":{"loc":{"start":{"line":39,"column":4},"end":{"line":41,"column":5}},"type":"if","locations":[{"start":{"line":39,"column":4},"end":{"line":41,"column":5}},{"start":{"line":39,"column":4},"end":{"line":41,"column":5}}],"line":39},"1":{"loc":{"start":{"line":48,"column":6},"end":{"line":73,"column":7}},"type":"if","locations":[{"start":{"line":48,"column":6},"end":{"line":73,"column":7}},{"start":{"line":48,"column":6},"end":{"line":73,"column":7}}],"line":48},"2":{"loc":{"start":{"line":84,"column":2},"end":{"line":86,"column":3}},"type":"if","locations":[{"start":{"line":84,"column":2},"end":{"line":86,"column":3}},{"start":{"line":84,"column":2},"end":{"line":86,"column":3}}],"line":84},"3":{"loc":{"start":{"line":91,"column":4},"end":{"line":93,"column":5}},"type":"if","locations":[{"start":{"line":91,"column":4},"end":{"line":93,"column":5}},{"start":{"line":91,"column":4},"end":{"line":93,"column":5}}],"line":91},"4":{"loc":{"start":{"line":96,"column":6},"end":{"line":108,"column":7}},"type":"if","locations":[{"start":{"line":96,"column":6},"end":{"line":108,"column":7}},{"start":{"line":96,"column":6},"end":{"line":108,"column":7}}],"line":96}},"s":{"0":2,"1":2,"2":2,"3":2,"4":2,"5":2,"6":2,"7":2,"8":2,"9":2,"10":2,"11":2,"12":0,"13":2,"14":6,"15":6,"16":4,"17":2,"18":2,"19":2,"20":1,"21":1,"22":1,"23":1,"24":1,"25":1,"26":1,"27":1,"28":1,"29":0,"30":2,"31":3,"32":3,"33":2,"34":1,"35":1,"36":1,"37":1,"38":0,"39":1,"40":1,"41":1,"42":1,"43":1,"44":0,"45":2,"46":0,"47":2},"f":{"0":0,"1":6,"2":2,"3":1,"4":1,"5":1,"6":0,"7":3,"8":1,"9":1,"10":1,"11":0},"b":{"0":[4,2],"1":[1,1],"2":[2,1],"3":[0,1],"4":[1,0]},"_coverageSchema":"43e27e138ebf9cfc5966b082cf9a028302ed4184","hash":"332538a99ab20cba3f7babb2cef655b6eb5a4ba4"}
,"D:\\practice\\devConnector\\validation\\is-empty.js": {"path":"D:\\practice\\devConnector\\validation\\is-empty.js","statementMap":{"0":{"start":{"line":1,"column":16},"end":{"line":5,"column":58}},"1":{"start":{"line":2,"column":2},"end":{"line":5,"column":58}},"2":{"start":{"line":7,"column":0},"end":{"line":7,"column":25}}},"fnMap":{"0":{"name":"(anonymous_0)","decl":{"start":{"line":1,"column":16},"end":{"line":1,"column":17}},"loc":{"start":{"line":2,"column":2},"end":{"line":5,"column":58}},"line":2}},"branchMap":{"0":{"loc":{"start":{"line":2,"column":2},"end":{"line":5,"column":58}},"type":"binary-expr","locations":[{"start":{"line":2,"column":2},"end":{"line":2,"column":16}},{"start":{"line":3,"column":2},"end":{"line":3,"column":21}},{"start":{"line":4,"column":3},"end":{"line":4,"column":28}},{"start":{"line":4,"column":32},"end":{"line":4,"column":63}},{"start":{"line":5,"column":3},"end":{"line":5,"column":28}},{"start":{"line":5,"column":32},"end":{"line":5,"column":57}}],"line":2}},"s":{"0":2,"1":9,"2":2},"f":{"0":9},"b":{"0":[9,9,8,3,7,5]},"_coverageSchema":"43e27e138ebf9cfc5966b082cf9a028302ed4184","hash":"e3c99ea613528715f8ddedfa7f25313bc964805f"}
,"D:\\practice\\devConnector\\validation\\login.js": {"path":"D:\\practice\\devConnector\\validation\\login.js","statementMap":{"0":{"start":{"line":1,"column":18},"end":{"line":1,"column":38}},"1":{"start":{"line":2,"column":16},"end":{"line":2,"column":37}},"2":{"start":{"line":4,"column":27},"end":{"line":25,"column":1}},"3":{"start":{"line":5,"column":2},"end":{"line":5,"column":54}},"4":{"start":{"line":6,"column":2},"end":{"line":6,"column":63}},"5":{"start":{"line":7,"column":15},"end":{"line":7,"column":17}},"6":{"start":{"line":9,"column":2},"end":{"line":11,"column":3}},"7":{"start":{"line":10,"column":4},"end":{"line":10,"column":38}},"8":{"start":{"line":13,"column":2},"end":{"line":15,"column":3}},"9":{"start":{"line":14,"column":4},"end":{"line":14,"column":39}},"10":{"start":{"line":17,"column":2},"end":{"line":19,"column":3}},"11":{"start":{"line":18,"column":4},"end":{"line":18,"column":45}},"12":{"start":{"line":21,"column":2},"end":{"line":24,"column":4}},"13":{"start":{"line":27,"column":0},"end":{"line":27,"column":36}}},"fnMap":{"0":{"name":"(anonymous_0)","decl":{"start":{"line":4,"column":27},"end":{"line":4,"column":28}},"loc":{"start":{"line":4,"column":35},"end":{"line":25,"column":1}},"line":4}},"branchMap":{"0":{"loc":{"start":{"line":5,"column":15},"end":{"line":5,"column":53}},"type":"cond-expr","locations":[{"start":{"line":5,"column":38},"end":{"line":5,"column":48}},{"start":{"line":5,"column":51},"end":{"line":5,"column":53}}],"line":5},"1":{"loc":{"start":{"line":6,"column":18},"end":{"line":6,"column":62}},"type":"cond-expr","locations":[{"start":{"line":6,"column":44},"end":{"line":6,"column":57}},{"start":{"line":6,"column":60},"end":{"line":6,"column":62}}],"line":6},"2":{"loc":{"start":{"line":9,"column":2},"end":{"line":11,"column":3}},"type":"if","locations":[{"start":{"line":9,"column":2},"end":{"line":11,"column":3}},{"start":{"line":9,"column":2},"end":{"line":11,"column":3}}],"line":9},"3":{"loc":{"start":{"line":13,"column":2},"end":{"line":15,"column":3}},"type":"if","locations":[{"start":{"line":13,"column":2},"end":{"line":15,"column":3}},{"start":{"line":13,"column":2},"end":{"line":15,"column":3}}],"line":13},"4":{"loc":{"start":{"line":17,"column":2},"end":{"line":19,"column":3}},"type":"if","locations":[{"start":{"line":17,"column":2},"end":{"line":19,"column":3}},{"start":{"line":17,"column":2},"end":{"line":19,"column":3}}],"line":17}},"s":{"0":2,"1":2,"2":2,"3":3,"4":3,"5":3,"6":3,"7":1,"8":3,"9":1,"10":3,"11":2,"12":3,"13":2},"f":{"0":3},"b":{"0":[2,1],"1":[1,2],"2":[1,2],"3":[1,2],"4":[2,1]},"_coverageSchema":"43e27e138ebf9cfc5966b082cf9a028302ed4184","hash":"1760be87d6801207211b591d88fbcd6c23c5586a"}
,"D:\\practice\\devConnector\\validation\\register.js": {"path":"D:\\practice\\devConnector\\validation\\register.js","statementMap":{"0":{"start":{"line":1,"column":18},"end":{"line":1,"column":38}},"1":{"start":{"line":3,"column":16},"end":{"line":3,"column":37}},"2":{"start":{"line":4,"column":17},"end":{"line":41,"column":1}},"3":{"start":{"line":5,"column":2},"end":{"line":5,"column":51}},"4":{"start":{"line":6,"column":2},"end":{"line":6,"column":54}},"5":{"start":{"line":7,"column":2},"end":{"line":7,"column":63}},"6":{"start":{"line":8,"column":2},"end":{"line":8,"column":66}},"7":{"start":{"line":9,"column":15},"end":{"line":9,"column":17}},"8":{"start":{"line":10,"column":2},"end":{"line":12,"column":3}},"9":{"start":{"line":11,"column":4},"end":{"line":11,"column":65}},"10":{"start":{"line":14,"column":2},"end":{"line":16,"column":3}},"11":{"start":{"line":15,"column":4},"end":{"line":15,"column":37}},"12":{"start":{"line":18,"column":2},"end":{"line":20,"column":3}},"13":{"start":{"line":19,"column":4},"end":{"line":19,"column":39}},"14":{"start":{"line":21,"column":2},"end":{"line":23,"column":3}},"15":{"start":{"line":22,"column":4},"end":{"line":22,"column":38}},"16":{"start":{"line":24,"column":2},"end":{"line":26,"column":3}},"17":{"start":{"line":25,"column":4},"end":{"line":25,"column":45}},"18":{"start":{"line":27,"column":2},"end":{"line":29,"column":3}},"19":{"start":{"line":28,"column":4},"end":{"line":28,"column":71}},"20":{"start":{"line":30,"column":2},"end":{"line":32,"column":3}},"21":{"start":{"line":31,"column":4},"end":{"line":31,"column":47}},"22":{"start":{"line":34,"column":2},"end":{"line":36,"column":3}},"23":{"start":{"line":35,"column":4},"end":{"line":35,"column":48}},"24":{"start":{"line":37,"column":2},"end":{"line":40,"column":4}},"25":{"start":{"line":43,"column":0},"end":{"line":43,"column":26}}},"fnMap":{"0":{"name":"(anonymous_0)","decl":{"start":{"line":4,"column":17},"end":{"line":4,"column":18}},"loc":{"start":{"line":4,"column":25},"end":{"line":41,"column":1}},"line":4}},"branchMap":{"0":{"loc":{"start":{"line":5,"column":14},"end":{"line":5,"column":50}},"type":"cond-expr","locations":[{"start":{"line":5,"column":36},"end":{"line":5,"column":45}},{"start":{"line":5,"column":48},"end":{"line":5,"column":50}}],"line":5},"1":{"loc":{"start":{"line":6,"column":15},"end":{"line":6,"column":53}},"type":"cond-expr","locations":[{"start":{"line":6,"column":38},"end":{"line":6,"column":48}},{"start":{"line":6,"column":51},"end":{"line":6,"column":53}}],"line":6},"2":{"loc":{"start":{"line":7,"column":18},"end":{"line":7,"column":62}},"type":"cond-expr","locations":[{"start":{"line":7,"column":44},"end":{"line":7,"column":57}},{"start":{"line":7,"column":60},"end":{"line":7,"column":62}}],"line":7},"3":{"loc":{"start":{"line":8,"column":19},"end":{"line":8,"column":65}},"type":"cond-expr","locations":[{"start":{"line":8,"column":46},"end":{"line":8,"column":60}},{"start":{"line":8,"column":63},"end":{"line":8,"column":65}}],"line":8},"4":{"loc":{"start":{"line":10,"column":2},"end":{"line":12,"column":3}},"type":"if","locations":[{"start":{"line":10,"column":2},"end":{"line":12,"column":3}},{"start":{"line":10,"column":2},"end":{"line":12,"column":3}}],"line":10},"5":{"loc":{"start":{"line":14,"column":2},"end":{"line":16,"column":3}},"type":"if","locations":[{"start":{"line":14,"column":2},"end":{"line":16,"column":3}},{"start":{"line":14,"column":2},"end":{"line":16,"column":3}}],"line":14},"6":{"loc":{"start":{"line":18,"column":2},"end":{"line":20,"column":3}},"type":"if","locations":[{"start":{"line":18,"column":2},"end":{"line":20,"column":3}},{"start":{"line":18,"column":2},"end":{"line":20,"column":3}}],"line":18},"7":{"loc":{"start":{"line":21,"column":2},"end":{"line":23,"column":3}},"type":"if","locations":[{"start":{"line":21,"column":2},"end":{"line":23,"column":3}},{"start":{"line":21,"column":2},"end":{"line":23,"column":3}}],"line":21},"8":{"loc":{"start":{"line":24,"column":2},"end":{"line":26,"column":3}},"type":"if","locations":[{"start":{"line":24,"column":2},"end":{"line":26,"column":3}},{"start":{"line":24,"column":2},"end":{"line":26,"column":3}}],"line":24},"9":{"loc":{"start":{"line":27,"column":2},"end":{"line":29,"column":3}},"type":"if","locations":[{"start":{"line":27,"column":2},"end":{"line":29,"column":3}},{"start":{"line":27,"column":2},"end":{"line":29,"column":3}}],"line":27},"10":{"loc":{"start":{"line":30,"column":2},"end":{"line":32,"column":3}},"type":"if","locations":[{"start":{"line":30,"column":2},"end":{"line":32,"column":3}},{"start":{"line":30,"column":2},"end":{"line":32,"column":3}}],"line":30},"11":{"loc":{"start":{"line":34,"column":2},"end":{"line":36,"column":3}},"type":"if","locations":[{"start":{"line":34,"column":2},"end":{"line":36,"column":3}},{"start":{"line":34,"column":2},"end":{"line":36,"column":3}}],"line":34}},"s":{"0":2,"1":2,"2":2,"3":0,"4":0,"5":0,"6":0,"7":0,"8":0,"9":0,"10":0,"11":0,"12":0,"13":0,"14":0,"15":0,"16":0,"17":0,"18":0,"19":0,"20":0,"21":0,"22":0,"23":0,"24":0,"25":2},"f":{"0":0},"b":{"0":[0,0],"1":[0,0],"2":[0,0],"3":[0,0],"4":[0,0],"5":[0,0],"6":[0,0],"7":[0,0],"8":[0,0],"9":[0,0],"10":[0,0],"11":[0,0]},"_coverageSchema":"43e27e138ebf9cfc5966b082cf9a028302ed4184","hash":"1db2ffcd3204f641f5b23f2dd986bc599518dce9"}
}
