TN:
SF:D:\practice\devConnector\server.js
FN:28,(anonymous_0)
FN:29,(anonymous_1)
FN:35,(anonymous_2)
FNF:3
FNH:1
FNDA:2,(anonymous_0)
FNDA:0,(anonymous_1)
FNDA:0,(anonymous_2)
DA:1,2
DA:2,2
DA:3,2
DA:4,2
DA:5,2
DA:7,2
DA:10,2
DA:11,2
DA:14,2
DA:16,2
DA:18,2
DA:19,2
DA:20,2
DA:22,2
DA:28,2
DA:29,0
DA:32,2
DA:33,2
DA:35,2
DA:37,2
DA:38,2
DA:39,2
DA:41,2
DA:43,2
LF:24
LH:23
BRDA:41,0,0,2
BRDA:41,0,1,2
BRF:2
BRH:2
end_of_record
TN:
SF:D:\practice\devConnector\config\keys.js
FNF:0
FNH:0
DA:1,2
LF:1
LH:1
BRF:0
BRH:0
end_of_record
TN:
SF:D:\practice\devConnector\config\passport.js
FN:11,(anonymous_0)
FN:13,(anonymous_1)
FN:16,(anonymous_2)
FN:22,(anonymous_3)
FNF:4
FNH:1
FNDA:2,(anonymous_0)
FNDA:0,(anonymous_1)
FNDA:0,(anonymous_2)
FNDA:0,(anonymous_3)
DA:1,2
DA:2,2
DA:3,2
DA:4,2
DA:5,2
DA:7,2
DA:8,2
DA:9,2
DA:11,2
DA:12,2
DA:14,0
DA:17,0
DA:18,0
DA:20,0
DA:22,0
LF:15
LH:10
BRDA:17,0,0,0
BRDA:17,0,1,0
BRF:2
BRH:0
end_of_record
TN:
SF:D:\practice\devConnector\models\Posts.js
FNF:0
FNH:0
DA:1,2
DA:2,2
DA:4,2
DA:55,2
LF:4
LH:4
BRF:0
BRH:0
end_of_record
TN:
SF:D:\practice\devConnector\models\Profile.js
FNF:0
FNH:0
DA:1,2
DA:2,2
DA:4,2
DA:111,2
LF:4
LH:4
BRF:0
BRH:0
end_of_record
TN:
SF:D:\practice\devConnector\models\User.js
FNF:0
FNH:0
DA:1,2
DA:3,2
DA:26,2
LF:3
LH:3
BRF:0
BRH:0
end_of_record
TN:
SF:D:\practice\devConnector\routes\api\posts.js
FN:8,(anonymous_0)
FN:15,(anonymous_1)
FN:18,(anonymous_2)
FN:19,(anonymous_3)
FN:25,(anonymous_4)
FN:27,(anonymous_5)
FN:28,(anonymous_6)
FN:48,(anonymous_7)
FN:60,(anonymous_8)
FN:70,(anonymous_9)
FN:71,(anonymous_10)
FN:73,(anonymous_11)
FN:78,(anonymous_12)
FN:80,(anonymous_13)
FN:91,(anonymous_14)
FN:92,(anonymous_15)
FN:93,(anonymous_16)
FN:95,(anonymous_17)
FN:103,(anonymous_18)
FN:115,(anonymous_19)
FN:116,(anonymous_20)
FN:117,(anonymous_21)
FN:119,(anonymous_22)
FN:128,(anonymous_23)
FN:134,(anonymous_24)
FN:154,(anonymous_25)
FN:156,(anonymous_26)
FN:166,(anonymous_27)
FN:168,(anonymous_28)
FN:178,(anonymous_29)
FN:179,(anonymous_30)
FN:182,(anonymous_31)
FN:189,(anonymous_32)
FN:194,(anonymous_33)
FNF:34
FNH:0
FNDA:0,(anonymous_0)
FNDA:0,(anonymous_1)
FNDA:0,(anonymous_2)
FNDA:0,(anonymous_3)
FNDA:0,(anonymous_4)
FNDA:0,(anonymous_5)
FNDA:0,(anonymous_6)
FNDA:0,(anonymous_7)
FNDA:0,(anonymous_8)
FNDA:0,(anonymous_9)
FNDA:0,(anonymous_10)
FNDA:0,(anonymous_11)
FNDA:0,(anonymous_12)
FNDA:0,(anonymous_13)
FNDA:0,(anonymous_14)
FNDA:0,(anonymous_15)
FNDA:0,(anonymous_16)
FNDA:0,(anonymous_17)
FNDA:0,(anonymous_18)
FNDA:0,(anonymous_19)
FNDA:0,(anonymous_20)
FNDA:0,(anonymous_21)
FNDA:0,(anonymous_22)
FNDA:0,(anonymous_23)
FNDA:0,(anonymous_24)
FNDA:0,(anonymous_25)
FNDA:0,(anonymous_26)
FNDA:0,(anonymous_27)
FNDA:0,(anonymous_28)
FNDA:0,(anonymous_29)
FNDA:0,(anonymous_30)
FNDA:0,(anonymous_31)
FNDA:0,(anonymous_32)
FNDA:0,(anonymous_33)
DA:1,2
DA:2,2
DA:3,2
DA:4,2
DA:5,2
DA:6,2
DA:8,2
DA:9,0
DA:15,2
DA:16,0
DA:18,0
DA:19,0
DA:25,2
DA:26,0
DA:27,0
DA:28,0
DA:34,2
DA:49,0
DA:50,0
DA:51,0
DA:53,0
DA:60,0
DA:67,2
DA:71,0
DA:72,0
DA:74,0
DA:75,0
DA:78,0
DA:80,0
DA:88,2
DA:92,0
DA:93,0
DA:94,0
DA:95,0
DA:98,0
DA:101,0
DA:103,0
DA:112,2
DA:116,0
DA:117,0
DA:118,0
DA:119,0
DA:122,0
DA:127,0
DA:128,0
DA:132,0
DA:134,0
DA:143,2
DA:155,0
DA:157,0
DA:164,0
DA:166,0
DA:168,0
DA:175,2
DA:179,0
DA:180,0
DA:182,0
DA:185,0
DA:188,0
DA:189,0
DA:192,0
DA:194,0
DA:198,2
LF:63
LH:16
BRDA:50,0,0,0
BRDA:50,0,1,0
BRDA:74,1,0,0
BRDA:74,1,1,0
BRDA:94,2,0,0
BRDA:94,2,1,0
BRDA:118,3,0,0
BRDA:118,3,1,0
BRDA:180,4,0,0
BRDA:180,4,1,0
BRF:10
BRH:0
end_of_record
TN:
SF:D:\practice\devConnector\routes\api\profile.js
FN:8,(anonymous_0)
FN:18,(anonymous_1)
FN:23,(anonymous_2)
FN:52,(anonymous_3)
FN:85,(anonymous_4)
FN:92,(anonymous_5)
FN:93,(anonymous_6)
FN:95,(anonymous_7)
FN:100,(anonymous_8)
FN:110,(anonymous_9)
FN:118,(anonymous_10)
FN:130,(anonymous_11)
FN:135,(anonymous_12)
FN:142,(anonymous_13)
FN:148,(anonymous_14)
FN:152,(anonymous_15)
FN:159,(anonymous_16)
FN:181,(anonymous_17)
FN:186,(anonymous_18)
FN:198,(anonymous_19)
FN:224,(anonymous_20)
FN:229,(anonymous_21)
FN:242,(anonymous_22)
FN:255,(anonymous_23)
FN:257,(anonymous_24)
FN:260,(anonymous_25)
FN:265,(anonymous_26)
FN:267,(anonymous_27)
FN:277,(anonymous_28)
FN:279,(anonymous_29)
FN:282,(anonymous_30)
FN:287,(anonymous_31)
FN:289,(anonymous_32)
FN:299,(anonymous_33)
FN:300,(anonymous_34)
FN:301,(anonymous_35)
FNF:36
FNH:0
FNDA:0,(anonymous_0)
FNDA:0,(anonymous_1)
FNDA:0,(anonymous_2)
FNDA:0,(anonymous_3)
FNDA:0,(anonymous_4)
FNDA:0,(anonymous_5)
FNDA:0,(anonymous_6)
FNDA:0,(anonymous_7)
FNDA:0,(anonymous_8)
FNDA:0,(anonymous_9)
FNDA:0,(anonymous_10)
FNDA:0,(anonymous_11)
FNDA:0,(anonymous_12)
FNDA:0,(anonymous_13)
FNDA:0,(anonymous_14)
FNDA:0,(anonymous_15)
FNDA:0,(anonymous_16)
FNDA:0,(anonymous_17)
FNDA:0,(anonymous_18)
FNDA:0,(anonymous_19)
FNDA:0,(anonymous_20)
FNDA:0,(anonymous_21)
FNDA:0,(anonymous_22)
FNDA:0,(anonymous_23)
FNDA:0,(anonymous_24)
FNDA:0,(anonymous_25)
FNDA:0,(anonymous_26)
FNDA:0,(anonymous_27)
FNDA:0,(anonymous_28)
FNDA:0,(anonymous_29)
FNDA:0,(anonymous_30)
FNDA:0,(anonymous_31)
FNDA:0,(anonymous_32)
FNDA:0,(anonymous_33)
FNDA:0,(anonymous_34)
FNDA:0,(anonymous_35)
DA:1,2
DA:2,2
DA:3,2
DA:4,2
DA:5,2
DA:6,2
DA:8,2
DA:9,0
DA:15,2
DA:19,0
DA:20,0
DA:21,0
DA:24,0
DA:25,0
DA:26,0
DA:27,0
DA:29,0
DA:37,2
DA:53,0
DA:54,0
DA:55,0
DA:57,0
DA:59,0
DA:61,0
DA:63,0
DA:64,0
DA:65,0
DA:66,0
DA:67,0
DA:68,0
DA:69,0
DA:72,0
DA:73,0
DA:77,0
DA:79,0
DA:80,0
DA:81,0
DA:82,0
DA:83,0
DA:85,0
DA:86,0
DA:87,0
DA:92,0
DA:93,0
DA:95,0
DA:96,0
DA:97,0
DA:98,0
DA:100,0
DA:110,2
DA:111,0
DA:112,0
DA:113,0
DA:114,0
DA:116,0
DA:119,0
DA:120,0
DA:121,0
DA:123,0
DA:130,2
DA:131,0
DA:133,0
DA:136,0
DA:137,0
DA:138,0
DA:140,0
DA:142,0
DA:148,2
DA:149,0
DA:150,0
DA:153,0
DA:154,0
DA:155,0
DA:157,0
DA:159,0
DA:165,2
DA:182,0
DA:183,0
DA:184,0
DA:186,0
DA:187,0
DA:196,0
DA:198,0
DA:199,0
DA:208,2
DA:225,0
DA:226,0
DA:227,0
DA:229,0
DA:230,0
DA:240,0
DA:242,0
DA:243,0
DA:252,2
DA:256,0
DA:259,0
DA:260,0
DA:263,0
DA:265,0
DA:267,0
DA:274,2
DA:278,0
DA:281,0
DA:282,0
DA:285,0
DA:287,0
DA:289,0
DA:296,2
DA:300,0
DA:301,0
DA:302,0
DA:307,2
LF:112
LH:18
BRDA:25,0,0,0
BRDA:25,0,1,0
BRDA:54,1,0,0
BRDA:54,1,1,0
BRDA:61,2,0,0
BRDA:61,2,1,0
BRDA:63,3,0,0
BRDA:63,3,1,0
BRDA:64,4,0,0
BRDA:64,4,1,0
BRDA:65,5,0,0
BRDA:65,5,1,0
BRDA:66,6,0,0
BRDA:66,6,1,0
BRDA:67,7,0,0
BRDA:67,7,1,0
BRDA:68,8,0,0
BRDA:68,8,1,0
BRDA:72,9,0,0
BRDA:72,9,1,0
BRDA:79,10,0,0
BRDA:79,10,1,0
BRDA:80,11,0,0
BRDA:80,11,1,0
BRDA:81,12,0,0
BRDA:81,12,1,0
BRDA:82,13,0,0
BRDA:82,13,1,0
BRDA:83,14,0,0
BRDA:83,14,1,0
BRDA:86,15,0,0
BRDA:86,15,1,0
BRDA:96,16,0,0
BRDA:96,16,1,0
BRDA:112,17,0,0
BRDA:112,17,1,0
BRDA:119,18,0,0
BRDA:119,18,1,0
BRDA:136,19,0,0
BRDA:136,19,1,0
BRDA:153,20,0,0
BRDA:153,20,1,0
BRDA:183,21,0,0
BRDA:183,21,1,0
BRDA:226,22,0,0
BRDA:226,22,1,0
BRF:46
BRH:0
end_of_record
TN:
SF:D:\practice\devConnector\routes\api\users.js
FN:16,(anonymous_0)
FN:37,(anonymous_1)
FN:46,(anonymous_2)
FN:64,(anonymous_3)
FN:65,(anonymous_4)
FN:69,(anonymous_5)
FN:70,(anonymous_6)
FN:81,(anonymous_7)
FN:90,(anonymous_8)
FN:95,(anonymous_9)
FN:102,(anonymous_10)
FN:119,(anonymous_11)
FNF:12
FNH:9
FNDA:0,(anonymous_0)
FNDA:6,(anonymous_1)
FNDA:2,(anonymous_2)
FNDA:1,(anonymous_3)
FNDA:1,(anonymous_4)
FNDA:1,(anonymous_5)
FNDA:0,(anonymous_6)
FNDA:3,(anonymous_7)
FNDA:1,(anonymous_8)
FNDA:1,(anonymous_9)
FNDA:1,(anonymous_10)
FNDA:0,(anonymous_11)
DA:1,2
DA:2,2
DA:3,2
DA:4,2
DA:5,2
DA:6,2
DA:7,2
DA:8,2
DA:9,2
DA:10,2
DA:11,2
DA:16,2
DA:17,0
DA:23,2
DA:38,6
DA:39,6
DA:40,4
DA:46,2
DA:47,2
DA:48,2
DA:49,1
DA:50,1
DA:52,1
DA:57,1
DA:64,1
DA:65,1
DA:66,1
DA:67,1
DA:69,1
DA:70,0
DA:81,2
DA:82,3
DA:84,3
DA:85,2
DA:87,1
DA:88,1
DA:90,1
DA:91,1
DA:92,0
DA:95,1
DA:96,1
DA:97,1
DA:98,1
DA:103,1
DA:107,0
DA:116,2
DA:120,0
DA:124,2
LF:48
LH:43
BRDA:39,0,0,4
BRDA:39,0,1,2
BRDA:48,1,0,1
BRDA:48,1,1,1
BRDA:84,2,0,2
BRDA:84,2,1,1
BRDA:91,3,0,0
BRDA:91,3,1,1
BRDA:96,4,0,1
BRDA:96,4,1,0
BRF:10
BRH:8
end_of_record
TN:
SF:D:\practice\devConnector\validation\is-empty.js
FN:1,(anonymous_0)
FNF:1
FNH:1
FNDA:9,(anonymous_0)
DA:1,2
DA:2,9
DA:7,2
LF:3
LH:3
BRDA:2,0,0,9
BRDA:2,0,1,9
BRDA:2,0,2,8
BRDA:2,0,3,3
BRDA:2,0,4,7
BRDA:2,0,5,5
BRF:6
BRH:6
end_of_record
TN:
SF:D:\practice\devConnector\validation\login.js
FN:4,(anonymous_0)
FNF:1
FNH:1
FNDA:3,(anonymous_0)
DA:1,2
DA:2,2
DA:4,2
DA:5,3
DA:6,3
DA:7,3
DA:9,3
DA:10,1
DA:13,3
DA:14,1
DA:17,3
DA:18,2
DA:21,3
DA:27,2
LF:14
LH:14
BRDA:5,0,0,2
BRDA:5,0,1,1
BRDA:6,1,0,1
BRDA:6,1,1,2
BRDA:9,2,0,1
BRDA:9,2,1,2
BRDA:13,3,0,1
BRDA:13,3,1,2
BRDA:17,4,0,2
BRDA:17,4,1,1
BRF:10
BRH:10
end_of_record
TN:
SF:D:\practice\devConnector\validation\register.js
FN:4,(anonymous_0)
FNF:1
FNH:0
FNDA:0,(anonymous_0)
DA:1,2
DA:3,2
DA:4,2
DA:5,0
DA:6,0
DA:7,0
DA:8,0
DA:9,0
DA:10,0
DA:11,0
DA:14,0
DA:15,0
DA:18,0
DA:19,0
DA:21,0
DA:22,0
DA:24,0
DA:25,0
DA:27,0
DA:28,0
DA:30,0
DA:31,0
DA:34,0
DA:35,0
DA:37,0
DA:43,2
LF:26
LH:4
BRDA:5,0,0,0
BRDA:5,0,1,0
BRDA:6,1,0,0
BRDA:6,1,1,0
BRDA:7,2,0,0
BRDA:7,2,1,0
BRDA:8,3,0,0
BRDA:8,3,1,0
BRDA:10,4,0,0
BRDA:10,4,1,0
BRDA:14,5,0,0
BRDA:14,5,1,0
BRDA:18,6,0,0
BRDA:18,6,1,0
BRDA:21,7,0,0
BRDA:21,7,1,0
BRDA:24,8,0,0
BRDA:24,8,1,0
BRDA:27,9,0,0
BRDA:27,9,1,0
BRDA:30,10,0,0
BRDA:30,10,1,0
BRDA:34,11,0,0
BRDA:34,11,1,0
BRF:24
BRH:0
end_of_record
